[debug] [2023-12-22T10:01:31.702Z] ----------------------------------------------------------------------
[debug] [2023-12-22T10:01:31.704Z] Command:       /Users/apple/node_modules/node/bin/node /Users/apple/.nvm/versions/node/v19.5.0/bin/firebase functions:shell
[debug] [2023-12-22T10:01:31.704Z] CLI Version:   13.0.2
[debug] [2023-12-22T10:01:31.705Z] Platform:      darwin
[debug] [2023-12-22T10:01:31.705Z] Node Version:  v18.13.0
[debug] [2023-12-22T10:01:31.706Z] Time:          Fri Dec 22 2023 12:01:31 GMT+0200 (Eastern European Standard Time)
[debug] [2023-12-22T10:01:31.706Z] ----------------------------------------------------------------------
[debug] 
[debug] [2023-12-22T10:01:31.761Z] > command requires scopes: ["email","openid","https://www.googleapis.com/auth/cloudplatformprojects.readonly","https://www.googleapis.com/auth/firebase","https://www.googleapis.com/auth/cloud-platform"]
[debug] [2023-12-22T10:01:31.761Z] > authorizing via signed-in user (info@wmvp.dev)
[debug] [2023-12-22T10:01:31.762Z] [iam] checking project opddev-51cfb for permissions ["firebase.projects.get"]
[debug] [2023-12-22T10:01:31.763Z] >>> [apiv2][query] POST https://cloudresourcemanager.googleapis.com/v1/projects/opddev-51cfb:testIamPermissions [none]
[debug] [2023-12-22T10:01:31.764Z] >>> [apiv2][(partial)header] POST https://cloudresourcemanager.googleapis.com/v1/projects/opddev-51cfb:testIamPermissions x-goog-quota-user=projects/opddev-51cfb
[debug] [2023-12-22T10:01:31.764Z] >>> [apiv2][body] POST https://cloudresourcemanager.googleapis.com/v1/projects/opddev-51cfb:testIamPermissions {"permissions":["firebase.projects.get"]}
[debug] [2023-12-22T10:01:32.657Z] <<< [apiv2][status] POST https://cloudresourcemanager.googleapis.com/v1/projects/opddev-51cfb:testIamPermissions 200
[debug] [2023-12-22T10:01:32.657Z] <<< [apiv2][body] POST https://cloudresourcemanager.googleapis.com/v1/projects/opddev-51cfb:testIamPermissions {"permissions":["firebase.projects.get"]}
[debug] [2023-12-22T10:01:32.660Z] >>> [apiv2][query] GET http://127.0.0.1:4400/emulators [none]
[debug] [2023-12-22T10:01:32.664Z] <<< [apiv2][status] GET http://127.0.0.1:4400/emulators 200
[debug] [2023-12-22T10:01:32.664Z] <<< [apiv2][body] GET http://127.0.0.1:4400/emulators {"hub":{"listen":[{"address":"127.0.0.1","family":"IPv4","port":4400},{"address":"::1","family":"IPv6","port":4400}],"name":"hub","host":"127.0.0.1","port":4400},"ui":{"listen":[{"address":"127.0.0.1","family":"IPv4","port":4000},{"address":"::1","family":"IPv6","port":4000}],"name":"ui","host":"127.0.0.1","port":4000,"pid":45788},"logging":{"listen":[{"address":"127.0.0.1","family":"IPv4","port":4500}],"name":"logging","host":"127.0.0.1","port":4500},"functions":{"name":"functions","host":"127.0.0.1","port":5001},"eventarc":{"name":"eventarc","host":"127.0.0.1","port":9299}}
[debug] [2023-12-22T10:01:32.664Z] Running emulators:  {"hub":{"listen":[{"address":"127.0.0.1","family":"IPv4","port":4400},{"address":"::1","family":"IPv6","port":4400}],"name":"hub","host":"127.0.0.1","port":4400},"ui":{"listen":[{"address":"127.0.0.1","family":"IPv4","port":4000},{"address":"::1","family":"IPv6","port":4000}],"name":"ui","host":"127.0.0.1","port":4000,"pid":45788},"logging":{"listen":[{"address":"127.0.0.1","family":"IPv4","port":4500}],"name":"logging","host":"127.0.0.1","port":4500},"functions":{"name":"functions","host":"127.0.0.1","port":5001},"eventarc":{"name":"eventarc","host":"127.0.0.1","port":9299}}
[warn] ⚠  functions: You are already running the Cloud Functions emulator on port 5001. Running the emulator and the Functions shell simultaenously can result in unexpected behavior. 
[warn] ⚠  functions: Functions Emulator unable to start on port 5000, starting on 5002 instead. {"metadata":{"emulator":{"name":"functions"},"message":"Functions Emulator unable to start on port 5000, starting on 5002 instead."}}
[debug] [2023-12-22T10:01:33.082Z] [functions] Functions Emulator only supports listening on one address (127.0.0.1). Not listening on ::1
[debug] [2023-12-22T10:01:33.084Z] defaultcredentials: writing to file /Users/apple/.config/firebase/info_wmvp_dev_application_default_credentials.json
[debug] [2023-12-22T10:01:33.085Z] DEBUG: Setting GAC to /Users/apple/.config/firebase/info_wmvp_dev_application_default_credentials.json
[debug] [2023-12-22T10:01:33.085Z] >>> [apiv2][query] GET https://firebase.googleapis.com/v1beta1/projects/opddev-51cfb/adminSdkConfig [none]
[debug] [2023-12-22T10:01:33.779Z] <<< [apiv2][status] GET https://firebase.googleapis.com/v1beta1/projects/opddev-51cfb/adminSdkConfig 200
[debug] [2023-12-22T10:01:33.780Z] <<< [apiv2][body] GET https://firebase.googleapis.com/v1beta1/projects/opddev-51cfb/adminSdkConfig {"projectId":"opddev-51cfb","databaseURL":"https://opddev-51cfb-default-rtdb.firebaseio.com","storageBucket":"opddev-51cfb.appspot.com","locationId":"europe-west"}
[debug] [2023-12-22T10:01:33.811Z] [functions] Watching "/Users/apple/Documents/GitHub/Opd-Needed/functions" for Cloud Functions...
[debug] [2023-12-22T10:01:33.817Z] Validating nodejs source
[debug] [2023-12-22T10:01:34.408Z] > [functions] package.json contents: {
  "name": "functions",
  "description": "Cloud Functions for Firebase",
  "scripts": {
    "serve": "firebase emulators:start --only functions",
    "shell": "firebase functions:shell",
    "start": "npm run shell",
    "deploy": "firebase deploy --only functions",
    "logs": "firebase functions:log",
    "test": "npx @google-cloud/functions-framework"
  },
  "engines": {
    "node": "18"
  },
  "main": "index.js",
  "dependencies": {
    "@google-cloud/functions-framework": "^3.3.0",
    "@sendgrid/mail": "^8.1.0",
    "cors": "^2.8.5",
    "firebase-admin": "^11.11.1",
    "firebase-functions": "^4.3.1",
    "nodemailer": "^6.9.7"
  },
  "devDependencies": {
    "firebase-functions-test": "^3.1.0"
  },
  "private": true
}
[debug] [2023-12-22T10:01:34.408Z] Building nodejs source
[debug] [2023-12-22T10:01:34.408Z] Failed to find version of module node: reached end of search path /Users/apple/Documents/GitHub/Opd-Needed/functions/node_modules
[info] ✔  functions: Using node@18 from host. 
[debug] [2023-12-22T10:01:34.411Z] Could not find functions.yaml. Must use http discovery
[debug] [2023-12-22T10:01:34.418Z] Found firebase-functions binary at '/Users/apple/Documents/GitHub/Opd-Needed/functions/node_modules/.bin/firebase-functions'
[info] Serving at port 8391

[debug] [2023-12-22T10:01:34.949Z] Got response from /__/functions.yaml {"endpoints":{"sendOpdNeededEmail":{"platform":"gcfv1","availableMemoryMb":null,"timeoutSeconds":null,"minInstances":null,"maxInstances":null,"ingressSettings":null,"serviceAccountEmail":null,"vpc":null,"httpsTrigger":{},"entryPoint":"sendOpdNeededEmail"}},"specVersion":"v1alpha1","requiredAPIs":[]}
[debug] [2023-12-22T10:01:34.962Z] [functions] Loaded functions definitions from source: sendOpdNeededEmail.
[debug] [2023-12-22T10:01:34.962Z] [functions[us-central1-sendOpdNeededEmail]] http function initialized (http://127.0.0.1:5002/opddev-51cfb/us-central1/sendOpdNeededEmail).
[info] i  functions: Loaded functions: sendOpdNeededEmail 
[info] i  functions: Connected to running eventarc emulator at 127.0.0.1:9299, calls to this service will affect the emulator 
[warn] ⚠  functions: The following emulators are not running, calls to these services will affect production: firestore, database, pubsub, storage 
[debug] [2023-12-22T10:05:51.059Z] DEBUG: File /Users/apple/Documents/GitHub/Opd-Needed/functions/index.js changed, reloading triggers
[debug] [2023-12-22T10:05:52.061Z] Validating nodejs source
[debug] [2023-12-22T10:05:53.081Z] > [functions] package.json contents: {
  "name": "functions",
  "description": "Cloud Functions for Firebase",
  "scripts": {
    "serve": "firebase emulators:start --only functions",
    "shell": "firebase functions:shell",
    "start": "npm run shell",
    "deploy": "firebase deploy --only functions",
    "logs": "firebase functions:log",
    "test": "npx @google-cloud/functions-framework"
  },
  "engines": {
    "node": "18"
  },
  "main": "index.js",
  "dependencies": {
    "@google-cloud/functions-framework": "^3.3.0",
    "@sendgrid/mail": "^8.1.0",
    "cors": "^2.8.5",
    "firebase-admin": "^11.11.1",
    "firebase-functions": "^4.3.1",
    "nodemailer": "^6.9.7"
  },
  "devDependencies": {
    "firebase-functions-test": "^3.1.0"
  },
  "private": true
}
[debug] [2023-12-22T10:05:53.081Z] Building nodejs source
[debug] [2023-12-22T10:05:53.082Z] Failed to find version of module node: reached end of search path /Users/apple/Documents/GitHub/Opd-Needed/functions/node_modules
[info] ✔  functions: Using node@18 from host. 
[debug] [2023-12-22T10:05:53.082Z] Could not find functions.yaml. Must use http discovery
[debug] [2023-12-22T10:05:53.084Z] Found firebase-functions binary at '/Users/apple/Documents/GitHub/Opd-Needed/functions/node_modules/.bin/firebase-functions'
[info] Serving at port 8847

[debug] [2023-12-22T10:05:53.608Z] Got response from /__/functions.yaml {"endpoints":{"sendOpdNeededEmail":{"platform":"gcfv1","availableMemoryMb":null,"timeoutSeconds":null,"minInstances":null,"maxInstances":null,"ingressSettings":null,"serviceAccountEmail":null,"vpc":null,"httpsTrigger":{},"entryPoint":"sendOpdNeededEmail"}},"specVersion":"v1alpha1","requiredAPIs":[]}
[debug] [2023-12-22T10:05:53.619Z] [functions] Loaded functions definitions from source: sendOpdNeededEmail.
[debug] [2023-12-22T10:07:06.812Z] DEBUG: File /Users/apple/Documents/GitHub/Opd-Needed/functions/index.js changed, reloading triggers
[debug] [2023-12-22T10:07:07.495Z] DEBUG: File /Users/apple/Documents/GitHub/Opd-Needed/functions/index.js changed, reloading triggers
[debug] [2023-12-22T10:07:07.596Z] DEBUG: File /Users/apple/Documents/GitHub/Opd-Needed/functions/index.js changed, reloading triggers
[debug] [2023-12-22T10:07:08.596Z] Validating nodejs source
[debug] [2023-12-22T10:07:09.438Z] > [functions] package.json contents: {
  "name": "functions",
  "description": "Cloud Functions for Firebase",
  "scripts": {
    "serve": "firebase emulators:start --only functions",
    "shell": "firebase functions:shell",
    "start": "npm run shell",
    "deploy": "firebase deploy --only functions",
    "logs": "firebase functions:log",
    "test": "npx @google-cloud/functions-framework"
  },
  "engines": {
    "node": "18"
  },
  "main": "index.js",
  "dependencies": {
    "@google-cloud/functions-framework": "^3.3.0",
    "@sendgrid/mail": "^8.1.0",
    "cors": "^2.8.5",
    "firebase-admin": "^11.11.1",
    "firebase-functions": "^4.3.1",
    "nodemailer": "^6.9.7"
  },
  "devDependencies": {
    "firebase-functions-test": "^3.1.0"
  },
  "private": true
}
[debug] [2023-12-22T10:07:09.438Z] Building nodejs source
[debug] [2023-12-22T10:07:09.438Z] Failed to find version of module node: reached end of search path /Users/apple/Documents/GitHub/Opd-Needed/functions/node_modules
[info] ✔  functions: Using node@18 from host. 
[debug] [2023-12-22T10:07:09.439Z] Could not find functions.yaml. Must use http discovery
[debug] [2023-12-22T10:07:09.439Z] Found firebase-functions binary at '/Users/apple/Documents/GitHub/Opd-Needed/functions/node_modules/.bin/firebase-functions'
[info] Serving at port 8467

[debug] [2023-12-22T10:07:09.975Z] Got response from /__/functions.yaml {"endpoints":{"sendOpdNeededEmail":{"platform":"gcfv1","availableMemoryMb":null,"timeoutSeconds":null,"minInstances":null,"maxInstances":null,"ingressSettings":null,"serviceAccountEmail":null,"vpc":null,"httpsTrigger":{},"entryPoint":"sendOpdNeededEmail"}},"specVersion":"v1alpha1","requiredAPIs":[]}
[debug] [2023-12-22T10:07:09.988Z] [functions] Loaded functions definitions from source: sendOpdNeededEmail.
[debug] [2023-12-22T10:08:46.676Z] DEBUG: File /Users/apple/Documents/GitHub/Opd-Needed/functions/index.js changed, reloading triggers
[debug] [2023-12-22T10:08:47.677Z] Validating nodejs source
[debug] [2023-12-22T10:08:48.633Z] > [functions] package.json contents: {
  "name": "functions",
  "description": "Cloud Functions for Firebase",
  "scripts": {
    "serve": "firebase emulators:start --only functions",
    "shell": "firebase functions:shell",
    "start": "npm run shell",
    "deploy": "firebase deploy --only functions",
    "logs": "firebase functions:log",
    "test": "npx @google-cloud/functions-framework"
  },
  "engines": {
    "node": "18"
  },
  "main": "index.js",
  "dependencies": {
    "@google-cloud/functions-framework": "^3.3.0",
    "@sendgrid/mail": "^8.1.0",
    "cors": "^2.8.5",
    "firebase-admin": "^11.11.1",
    "firebase-functions": "^4.3.1",
    "nodemailer": "^6.9.7"
  },
  "devDependencies": {
    "firebase-functions-test": "^3.1.0"
  },
  "private": true
}
[debug] [2023-12-22T10:08:48.633Z] Building nodejs source
[debug] [2023-12-22T10:08:48.633Z] Failed to find version of module node: reached end of search path /Users/apple/Documents/GitHub/Opd-Needed/functions/node_modules
[info] ✔  functions: Using node@18 from host. 
[debug] [2023-12-22T10:08:48.634Z] Could not find functions.yaml. Must use http discovery
[debug] [2023-12-22T10:08:48.635Z] Found firebase-functions binary at '/Users/apple/Documents/GitHub/Opd-Needed/functions/node_modules/.bin/firebase-functions'
[info] Serving at port 8807

[debug] [2023-12-22T10:08:49.281Z] Got response from /__/functions.yaml {"endpoints":{"sendOpdNeededEmail":{"platform":"gcfv1","availableMemoryMb":null,"timeoutSeconds":null,"minInstances":null,"maxInstances":null,"ingressSettings":null,"serviceAccountEmail":null,"vpc":null,"httpsTrigger":{},"entryPoint":"sendOpdNeededEmail"}},"specVersion":"v1alpha1","requiredAPIs":[]}
[debug] [2023-12-22T10:08:49.292Z] [functions] Loaded functions definitions from source: sendOpdNeededEmail.
[debug] [2023-12-22T13:18:38.286Z] DEBUG: File /Users/apple/Documents/GitHub/Opd-Needed/functions/index.js changed, reloading triggers
[debug] [2023-12-22T13:18:39.313Z] Validating nodejs source
[debug] [2023-12-22T13:18:40.328Z] > [functions] package.json contents: {
  "name": "functions",
  "description": "Cloud Functions for Firebase",
  "scripts": {
    "serve": "firebase emulators:start --only functions",
    "shell": "firebase functions:shell",
    "start": "npm run shell",
    "deploy": "firebase deploy --only functions",
    "logs": "firebase functions:log",
    "test": "npx @google-cloud/functions-framework"
  },
  "engines": {
    "node": "18"
  },
  "main": "index.js",
  "dependencies": {
    "@google-cloud/functions-framework": "^3.3.0",
    "@sendgrid/mail": "^8.1.0",
    "cors": "^2.8.5",
    "firebase-admin": "^11.11.1",
    "firebase-functions": "^4.3.1",
    "nodemailer": "^6.9.7"
  },
  "devDependencies": {
    "firebase-functions-test": "^3.1.0"
  },
  "private": true
}
[debug] [2023-12-22T13:18:40.330Z] Building nodejs source
[debug] [2023-12-22T13:18:40.331Z] Failed to find version of module node: reached end of search path /Users/apple/Documents/GitHub/Opd-Needed/functions/node_modules
[info] ✔  functions: Using node@18 from host. 
[debug] [2023-12-22T13:18:40.336Z] Could not find functions.yaml. Must use http discovery
[debug] [2023-12-22T13:18:40.341Z] Found firebase-functions binary at '/Users/apple/Documents/GitHub/Opd-Needed/functions/node_modules/.bin/firebase-functions'
[info] Serving at port 8099

[debug] [2023-12-22T13:18:41.099Z] Got response from /__/functions.yaml {"endpoints":{"sendOpdNeededEmail":{"platform":"gcfv1","availableMemoryMb":null,"timeoutSeconds":null,"minInstances":null,"maxInstances":null,"ingressSettings":null,"serviceAccountEmail":null,"vpc":null,"httpsTrigger":{},"entryPoint":"sendOpdNeededEmail"}},"specVersion":"v1alpha1","requiredAPIs":[]}
[debug] [2023-12-22T13:18:41.112Z] [functions] Loaded functions definitions from source: sendOpdNeededEmail.
[debug] [2023-12-22T13:20:23.367Z] DEBUG: File /Users/apple/Documents/GitHub/Opd-Needed/functions/index.js changed, reloading triggers
[debug] [2023-12-22T13:20:24.368Z] Validating nodejs source
[debug] [2023-12-22T13:20:25.254Z] > [functions] package.json contents: {
  "name": "functions",
  "description": "Cloud Functions for Firebase",
  "scripts": {
    "serve": "firebase emulators:start --only functions",
    "shell": "firebase functions:shell",
    "start": "npm run shell",
    "deploy": "firebase deploy --only functions",
    "logs": "firebase functions:log",
    "test": "npx @google-cloud/functions-framework"
  },
  "engines": {
    "node": "18"
  },
  "main": "index.js",
  "dependencies": {
    "@google-cloud/functions-framework": "^3.3.0",
    "@sendgrid/mail": "^8.1.0",
    "cors": "^2.8.5",
    "firebase-admin": "^11.11.1",
    "firebase-functions": "^4.3.1",
    "nodemailer": "^6.9.7"
  },
  "devDependencies": {
    "firebase-functions-test": "^3.1.0"
  },
  "private": true
}
[debug] [2023-12-22T13:20:25.254Z] Building nodejs source
[debug] [2023-12-22T13:20:25.254Z] Failed to find version of module node: reached end of search path /Users/apple/Documents/GitHub/Opd-Needed/functions/node_modules
[info] ✔  functions: Using node@18 from host. 
[debug] [2023-12-22T13:20:25.255Z] Could not find functions.yaml. Must use http discovery
[debug] [2023-12-22T13:20:25.256Z] Found firebase-functions binary at '/Users/apple/Documents/GitHub/Opd-Needed/functions/node_modules/.bin/firebase-functions'
[info] Serving at port 8945

[debug] [2023-12-22T13:20:25.829Z] Got response from /__/functions.yaml {"endpoints":{"sendOpdNeededEmail":{"platform":"gcfv1","availableMemoryMb":null,"timeoutSeconds":null,"minInstances":null,"maxInstances":null,"ingressSettings":null,"serviceAccountEmail":null,"vpc":null,"httpsTrigger":{},"entryPoint":"sendOpdNeededEmail"}},"specVersion":"v1alpha1","requiredAPIs":[]}
[debug] [2023-12-22T13:20:25.844Z] [functions] Loaded functions definitions from source: sendOpdNeededEmail.
[debug] [2023-12-22T13:20:37.096Z] DEBUG: File /Users/apple/Documents/GitHub/Opd-Needed/functions/index.js changed, reloading triggers
[debug] [2023-12-22T13:20:38.097Z] Validating nodejs source
[debug] [2023-12-22T13:20:38.969Z] > [functions] package.json contents: {
  "name": "functions",
  "description": "Cloud Functions for Firebase",
  "scripts": {
    "serve": "firebase emulators:start --only functions",
    "shell": "firebase functions:shell",
    "start": "npm run shell",
    "deploy": "firebase deploy --only functions",
    "logs": "firebase functions:log",
    "test": "npx @google-cloud/functions-framework"
  },
  "engines": {
    "node": "18"
  },
  "main": "index.js",
  "dependencies": {
    "@google-cloud/functions-framework": "^3.3.0",
    "@sendgrid/mail": "^8.1.0",
    "cors": "^2.8.5",
    "firebase-admin": "^11.11.1",
    "firebase-functions": "^4.3.1",
    "nodemailer": "^6.9.7"
  },
  "devDependencies": {
    "firebase-functions-test": "^3.1.0"
  },
  "private": true
}
[debug] [2023-12-22T13:20:38.970Z] Building nodejs source
[debug] [2023-12-22T13:20:38.970Z] Failed to find version of module node: reached end of search path /Users/apple/Documents/GitHub/Opd-Needed/functions/node_modules
[info] ✔  functions: Using node@18 from host. 
[debug] [2023-12-22T13:20:38.970Z] Could not find functions.yaml. Must use http discovery
[debug] [2023-12-22T13:20:38.971Z] Found firebase-functions binary at '/Users/apple/Documents/GitHub/Opd-Needed/functions/node_modules/.bin/firebase-functions'
[info] Serving at port 8153

[debug] [2023-12-22T13:20:39.465Z] Got response from /__/functions.yaml {"endpoints":{"sendOpdNeededEmail":{"platform":"gcfv1","availableMemoryMb":null,"timeoutSeconds":null,"minInstances":null,"maxInstances":null,"ingressSettings":null,"serviceAccountEmail":null,"vpc":null,"httpsTrigger":{},"entryPoint":"sendOpdNeededEmail"}},"specVersion":"v1alpha1","requiredAPIs":[]}
[debug] [2023-12-22T13:20:39.476Z] [functions] Loaded functions definitions from source: sendOpdNeededEmail.
[debug] [2023-12-22T13:23:26.403Z] DEBUG: File /Users/apple/Documents/GitHub/Opd-Needed/functions/index.js changed, reloading triggers
[debug] [2023-12-22T13:23:27.403Z] Validating nodejs source
[debug] [2023-12-22T13:23:28.326Z] > [functions] package.json contents: {
  "name": "functions",
  "description": "Cloud Functions for Firebase",
  "scripts": {
    "serve": "firebase emulators:start --only functions",
    "shell": "firebase functions:shell",
    "start": "npm run shell",
    "deploy": "firebase deploy --only functions",
    "logs": "firebase functions:log",
    "test": "npx @google-cloud/functions-framework"
  },
  "engines": {
    "node": "18"
  },
  "main": "index.js",
  "dependencies": {
    "@google-cloud/functions-framework": "^3.3.0",
    "@sendgrid/mail": "^8.1.0",
    "cors": "^2.8.5",
    "firebase-admin": "^11.11.1",
    "firebase-functions": "^4.3.1",
    "nodemailer": "^6.9.7"
  },
  "devDependencies": {
    "firebase-functions-test": "^3.1.0"
  },
  "private": true
}
[debug] [2023-12-22T13:23:28.326Z] Building nodejs source
[debug] [2023-12-22T13:23:28.326Z] Failed to find version of module node: reached end of search path /Users/apple/Documents/GitHub/Opd-Needed/functions/node_modules
[info] ✔  functions: Using node@18 from host. 
[debug] [2023-12-22T13:23:28.327Z] Could not find functions.yaml. Must use http discovery
[debug] [2023-12-22T13:23:28.328Z] Found firebase-functions binary at '/Users/apple/Documents/GitHub/Opd-Needed/functions/node_modules/.bin/firebase-functions'
[info] Serving at port 8465

[debug] [2023-12-22T13:23:28.883Z] Got response from /__/functions.yaml {"endpoints":{"sendOpdNeededEmail":{"platform":"gcfv1","availableMemoryMb":null,"timeoutSeconds":null,"minInstances":null,"maxInstances":null,"ingressSettings":null,"serviceAccountEmail":null,"vpc":null,"httpsTrigger":{},"entryPoint":"sendOpdNeededEmail"}},"specVersion":"v1alpha1","requiredAPIs":[]}
[debug] [2023-12-22T13:23:28.897Z] [functions] Loaded functions definitions from source: sendOpdNeededEmail.
[debug] [2023-12-22T13:23:53.350Z] DEBUG: File /Users/apple/Documents/GitHub/Opd-Needed/functions/index.js changed, reloading triggers
[debug] [2023-12-22T13:23:54.352Z] Validating nodejs source
[debug] [2023-12-22T13:23:54.974Z] > [functions] package.json contents: {
  "name": "functions",
  "description": "Cloud Functions for Firebase",
  "scripts": {
    "serve": "firebase emulators:start --only functions",
    "shell": "firebase functions:shell",
    "start": "npm run shell",
    "deploy": "firebase deploy --only functions",
    "logs": "firebase functions:log",
    "test": "npx @google-cloud/functions-framework"
  },
  "engines": {
    "node": "18"
  },
  "main": "index.js",
  "dependencies": {
    "@google-cloud/functions-framework": "^3.3.0",
    "@sendgrid/mail": "^8.1.0",
    "cors": "^2.8.5",
    "firebase-admin": "^11.11.1",
    "firebase-functions": "^4.3.1",
    "nodemailer": "^6.9.7"
  },
  "devDependencies": {
    "firebase-functions-test": "^3.1.0"
  },
  "private": true
}
[debug] [2023-12-22T13:23:54.974Z] Building nodejs source
[debug] [2023-12-22T13:23:54.974Z] Failed to find version of module node: reached end of search path /Users/apple/Documents/GitHub/Opd-Needed/functions/node_modules
[info] ✔  functions: Using node@18 from host. 
[debug] [2023-12-22T13:23:54.974Z] Could not find functions.yaml. Must use http discovery
[debug] [2023-12-22T13:23:54.975Z] Found firebase-functions binary at '/Users/apple/Documents/GitHub/Opd-Needed/functions/node_modules/.bin/firebase-functions'
[info] Serving at port 8641

[debug] [2023-12-22T13:23:55.311Z] Got response from /__/functions.yaml {"endpoints":{"sendOpdNeededEmail":{"platform":"gcfv1","availableMemoryMb":null,"timeoutSeconds":null,"minInstances":null,"maxInstances":null,"ingressSettings":null,"serviceAccountEmail":null,"vpc":null,"httpsTrigger":{},"entryPoint":"sendOpdNeededEmail"}},"specVersion":"v1alpha1","requiredAPIs":[]}
[debug] [2023-12-22T13:23:55.322Z] [functions] Loaded functions definitions from source: sendOpdNeededEmail.
[debug] [2023-12-22T13:26:11.106Z] DEBUG: File /Users/apple/Documents/GitHub/Opd-Needed/functions/index.js changed, reloading triggers
[debug] [2023-12-22T13:26:12.109Z] Validating nodejs source
[debug] [2023-12-22T13:26:14.358Z] > [functions] package.json contents: {
  "name": "functions",
  "description": "Cloud Functions for Firebase",
  "scripts": {
    "serve": "firebase emulators:start --only functions",
    "shell": "firebase functions:shell",
    "start": "npm run shell",
    "deploy": "firebase deploy --only functions",
    "logs": "firebase functions:log",
    "test": "npx @google-cloud/functions-framework"
  },
  "engines": {
    "node": "18"
  },
  "main": "index.js",
  "dependencies": {
    "@google-cloud/functions-framework": "^3.3.0",
    "@sendgrid/mail": "^8.1.0",
    "cors": "^2.8.5",
    "firebase-admin": "^11.11.1",
    "firebase-functions": "^4.3.1",
    "nodemailer": "^6.9.7"
  },
  "devDependencies": {
    "firebase-functions-test": "^3.1.0"
  },
  "private": true
}
[debug] [2023-12-22T13:26:14.358Z] Building nodejs source
[debug] [2023-12-22T13:26:14.358Z] Failed to find version of module node: reached end of search path /Users/apple/Documents/GitHub/Opd-Needed/functions/node_modules
[info] ✔  functions: Using node@18 from host. 
[debug] [2023-12-22T13:26:14.358Z] Could not find functions.yaml. Must use http discovery
[debug] [2023-12-22T13:26:14.359Z] Found firebase-functions binary at '/Users/apple/Documents/GitHub/Opd-Needed/functions/node_modules/.bin/firebase-functions'
[info] Serving at port 8072

[debug] [2023-12-22T13:26:14.682Z] Got response from /__/functions.yaml {"endpoints":{"sendOpdNeededEmail":{"platform":"gcfv1","availableMemoryMb":null,"timeoutSeconds":null,"minInstances":null,"maxInstances":null,"ingressSettings":null,"serviceAccountEmail":null,"vpc":null,"httpsTrigger":{},"entryPoint":"sendOpdNeededEmail"}},"specVersion":"v1alpha1","requiredAPIs":[]}
[debug] [2023-12-22T13:26:14.694Z] [functions] Loaded functions definitions from source: sendOpdNeededEmail.
[debug] [2023-12-22T13:31:33.992Z] DEBUG: File /Users/apple/Documents/GitHub/Opd-Needed/functions/index.js changed, reloading triggers
[debug] [2023-12-22T13:31:34.992Z] Validating nodejs source
[debug] [2023-12-22T13:31:35.898Z] > [functions] package.json contents: {
  "name": "functions",
  "description": "Cloud Functions for Firebase",
  "scripts": {
    "serve": "firebase emulators:start --only functions",
    "shell": "firebase functions:shell",
    "start": "npm run shell",
    "deploy": "firebase deploy --only functions",
    "logs": "firebase functions:log",
    "test": "npx @google-cloud/functions-framework"
  },
  "engines": {
    "node": "18"
  },
  "main": "index.js",
  "dependencies": {
    "@google-cloud/functions-framework": "^3.3.0",
    "@sendgrid/mail": "^8.1.0",
    "cors": "^2.8.5",
    "firebase-admin": "^11.11.1",
    "firebase-functions": "^4.3.1",
    "nodemailer": "^6.9.7"
  },
  "devDependencies": {
    "firebase-functions-test": "^3.1.0"
  },
  "private": true
}
[debug] [2023-12-22T13:31:35.898Z] Building nodejs source
[debug] [2023-12-22T13:31:35.899Z] Failed to find version of module node: reached end of search path /Users/apple/Documents/GitHub/Opd-Needed/functions/node_modules
[info] ✔  functions: Using node@18 from host. 
[debug] [2023-12-22T13:31:35.899Z] Could not find functions.yaml. Must use http discovery
[debug] [2023-12-22T13:31:35.900Z] Found firebase-functions binary at '/Users/apple/Documents/GitHub/Opd-Needed/functions/node_modules/.bin/firebase-functions'
[info] Serving at port 8085

[debug] [2023-12-22T13:31:36.468Z] Got response from /__/functions.yaml {"endpoints":{"sendOpdNeededEmail":{"platform":"gcfv1","availableMemoryMb":null,"timeoutSeconds":null,"minInstances":null,"maxInstances":null,"ingressSettings":null,"serviceAccountEmail":null,"vpc":null,"httpsTrigger":{},"entryPoint":"sendOpdNeededEmail"}},"specVersion":"v1alpha1","requiredAPIs":[]}
[debug] [2023-12-22T13:31:36.483Z] [functions] Loaded functions definitions from source: sendOpdNeededEmail.
[debug] [2023-12-22T13:45:00.315Z] DEBUG: File /Users/apple/Documents/GitHub/Opd-Needed/functions/index.js changed, reloading triggers
[debug] [2023-12-22T13:45:01.316Z] Validating nodejs source
[debug] [2023-12-22T13:45:02.231Z] > [functions] package.json contents: {
  "name": "functions",
  "description": "Cloud Functions for Firebase",
  "scripts": {
    "serve": "firebase emulators:start --only functions",
    "shell": "firebase functions:shell",
    "start": "npm run shell",
    "deploy": "firebase deploy --only functions",
    "logs": "firebase functions:log",
    "test": "npx @google-cloud/functions-framework"
  },
  "engines": {
    "node": "18"
  },
  "main": "index.js",
  "dependencies": {
    "@google-cloud/functions-framework": "^3.3.0",
    "@sendgrid/mail": "^8.1.0",
    "cors": "^2.8.5",
    "firebase-admin": "^11.11.1",
    "firebase-functions": "^4.3.1",
    "nodemailer": "^6.9.7"
  },
  "devDependencies": {
    "firebase-functions-test": "^3.1.0"
  },
  "private": true
}
[debug] [2023-12-22T13:45:02.231Z] Building nodejs source
[debug] [2023-12-22T13:45:02.231Z] Failed to find version of module node: reached end of search path /Users/apple/Documents/GitHub/Opd-Needed/functions/node_modules
[info] ✔  functions: Using node@18 from host. 
[debug] [2023-12-22T13:45:02.232Z] Could not find functions.yaml. Must use http discovery
[debug] [2023-12-22T13:45:02.233Z] Found firebase-functions binary at '/Users/apple/Documents/GitHub/Opd-Needed/functions/node_modules/.bin/firebase-functions'
[info] Serving at port 8160

[debug] [2023-12-22T13:45:02.812Z] Got response from /__/functions.yaml {"endpoints":{"sendOpdNeededEmail":{"platform":"gcfv1","availableMemoryMb":null,"timeoutSeconds":null,"minInstances":null,"maxInstances":null,"ingressSettings":null,"serviceAccountEmail":null,"vpc":null,"httpsTrigger":{},"entryPoint":"sendOpdNeededEmail"}},"specVersion":"v1alpha1","requiredAPIs":[]}
[debug] [2023-12-22T13:45:02.825Z] [functions] Loaded functions definitions from source: sendOpdNeededEmail.
[debug] [2023-12-22T13:52:42.427Z] DEBUG: File /Users/apple/Documents/GitHub/Opd-Needed/functions/index.js changed, reloading triggers
[debug] [2023-12-22T13:52:43.429Z] Validating nodejs source
[debug] [2023-12-22T13:52:44.402Z] > [functions] package.json contents: {
  "name": "functions",
  "description": "Cloud Functions for Firebase",
  "scripts": {
    "serve": "firebase emulators:start --only functions",
    "shell": "firebase functions:shell",
    "start": "npm run shell",
    "deploy": "firebase deploy --only functions",
    "logs": "firebase functions:log",
    "test": "npx @google-cloud/functions-framework"
  },
  "engines": {
    "node": "18"
  },
  "main": "index.js",
  "dependencies": {
    "@google-cloud/functions-framework": "^3.3.0",
    "@sendgrid/mail": "^8.1.0",
    "cors": "^2.8.5",
    "firebase-admin": "^11.11.1",
    "firebase-functions": "^4.3.1",
    "nodemailer": "^6.9.7"
  },
  "devDependencies": {
    "firebase-functions-test": "^3.1.0"
  },
  "private": true
}
[debug] [2023-12-22T13:52:44.403Z] Building nodejs source
[debug] [2023-12-22T13:52:44.403Z] Failed to find version of module node: reached end of search path /Users/apple/Documents/GitHub/Opd-Needed/functions/node_modules
[info] ✔  functions: Using node@18 from host. 
[debug] [2023-12-22T13:52:44.403Z] Could not find functions.yaml. Must use http discovery
[debug] [2023-12-22T13:52:44.404Z] Found firebase-functions binary at '/Users/apple/Documents/GitHub/Opd-Needed/functions/node_modules/.bin/firebase-functions'
[info] Serving at port 8603

[debug] [2023-12-22T13:52:45.025Z] Got response from /__/functions.yaml {"endpoints":{"sendOpdNeededEmail":{"platform":"gcfv1","availableMemoryMb":null,"timeoutSeconds":null,"minInstances":null,"maxInstances":null,"ingressSettings":null,"serviceAccountEmail":null,"vpc":null,"httpsTrigger":{},"entryPoint":"sendOpdNeededEmail"}},"specVersion":"v1alpha1","requiredAPIs":[]}
[debug] [2023-12-22T13:52:45.035Z] [functions] Loaded functions definitions from source: sendOpdNeededEmail.
[debug] [2023-12-22T14:15:32.668Z] DEBUG: File /Users/apple/Documents/GitHub/Opd-Needed/functions/index.js changed, reloading triggers
[debug] [2023-12-22T14:15:33.671Z] Validating nodejs source
[debug] [2023-12-22T14:15:34.659Z] > [functions] package.json contents: {
  "name": "functions",
  "description": "Cloud Functions for Firebase",
  "scripts": {
    "serve": "firebase emulators:start --only functions",
    "shell": "firebase functions:shell",
    "start": "npm run shell",
    "deploy": "firebase deploy --only functions",
    "logs": "firebase functions:log",
    "test": "npx @google-cloud/functions-framework"
  },
  "engines": {
    "node": "18"
  },
  "main": "index.js",
  "dependencies": {
    "@google-cloud/functions-framework": "^3.3.0",
    "@sendgrid/mail": "^8.1.0",
    "cors": "^2.8.5",
    "firebase-admin": "^11.11.1",
    "firebase-functions": "^4.3.1",
    "nodemailer": "^6.9.7"
  },
  "devDependencies": {
    "firebase-functions-test": "^3.1.0"
  },
  "private": true
}
[debug] [2023-12-22T14:15:34.659Z] Building nodejs source
[debug] [2023-12-22T14:15:34.659Z] Failed to find version of module node: reached end of search path /Users/apple/Documents/GitHub/Opd-Needed/functions/node_modules
[info] ✔  functions: Using node@18 from host. 
[debug] [2023-12-22T14:15:34.660Z] Could not find functions.yaml. Must use http discovery
[debug] [2023-12-22T14:15:34.660Z] Found firebase-functions binary at '/Users/apple/Documents/GitHub/Opd-Needed/functions/node_modules/.bin/firebase-functions'
[info] Serving at port 8722

[debug] [2023-12-22T14:15:35.305Z] Got response from /__/functions.yaml {"endpoints":{"sendOpdNeededEmail":{"platform":"gcfv1","availableMemoryMb":null,"timeoutSeconds":null,"minInstances":null,"maxInstances":null,"ingressSettings":null,"serviceAccountEmail":null,"vpc":null,"httpsTrigger":{},"entryPoint":"sendOpdNeededEmail"}},"specVersion":"v1alpha1","requiredAPIs":[]}
[debug] [2023-12-22T14:15:35.315Z] [functions] Loaded functions definitions from source: sendOpdNeededEmail.
